<?xml version="1.0" ?>
<testsuite errors="0" failures="0" name="HardRockAvenueTest-20200119121941" tests="1" time="4.832">
	<testcase classname="HardRockAvenueTest" name="test_homepageTitle" time="4.832"/>
	<system-out>
<![CDATA[Done with all the tests
]]>	</system-out>
	<system-err>
<![CDATA[]]>	</system-err>
</testsuite>
