<?xml version="1.0" ?>
<testsuite errors="0" failures="0" name="HardRockAvenueTest-20200119121526" tests="1" time="5.022">
	<testcase classname="HardRockAvenueTest" name="test_homepageTitle" time="5.022"/>
	<system-out>
<![CDATA[Done with all the tests
]]>	</system-out>
	<system-err>
<![CDATA[]]>	</system-err>
</testsuite>
